<?xml version="1.0" encoding="UTF-8"?>
<!-- Generated by org.testng.reporters.JUnitReportReporter -->
<testsuite skipped="0" hostname="DESKTOP-AIBD1RS" name="com.Appim.test.EcommerceApp" tests="1" failures="0" timestamp="09 Aug 2020 15:16:51 GMT" time="46.012" errors="0">
  <testcase name="ecommerce" time="46.012" classname="com.Appim.test.EcommerceApp"/>
</testsuite> <!-- com.Appim.test.EcommerceApp -->
