<?xml version="1.0" encoding="UTF-8"?>
<!-- Generated by org.testng.reporters.JUnitReportReporter -->
<testsuite skipped="0" hostname="DESKTOP-AIBD1RS" name="com.Appium.test.ApiDemo" tests="1" failures="0" timestamp="2020-08-15T22:53:34 IST" time="47.669" errors="0">
  <testcase name="apiDemo" time="47.669" classname="com.Appium.test.ApiDemo"/>
</testsuite> <!-- com.Appium.test.ApiDemo -->
