<?xml version="1.0" encoding="UTF-8"?>
<!-- Generated by org.testng.reporters.JUnitReportReporter -->
<testsuite skipped="0" hostname="DESKTOP-AIBD1RS" name="com.Appium.test.EcommerceApp" tests="2" failures="0" timestamp="2020-08-17T23:16:36 IST" time="102.035" errors="0">
  <testcase name="ecommerce" time="51.900" classname="com.Appium.test.EcommerceApp"/>
  <testcase name="ecommerce" time="50.135" classname="com.Appium.test.EcommerceApp"/>
</testsuite> <!-- com.Appium.test.EcommerceApp -->
