<?xml version="1.0" encoding="UTF-8"?>
<!-- Generated by org.testng.reporters.JUnitReportReporter -->
<testsuite skipped="0" hostname="DESKTOP-AIBD1RS" name="com.Appim.test.ApiDemo" tests="1" failures="0" timestamp="09 Aug 2020 15:31:33 GMT" time="27.049" errors="0">
  <testcase name="apiDemo" time="27.049" classname="com.Appim.test.ApiDemo"/>
</testsuite> <!-- com.Appim.test.ApiDemo -->
