<?xml version="1.0" encoding="UTF-8"?>
<!-- Generated by org.testng.reporters.JUnitReportReporter -->
<testsuite skipped="0" hostname="DESKTOP-AIBD1RS" name="com.Appium.test.ApiDemo" tests="2" failures="0" timestamp="2020-08-18T14:57:54 IST" time="119.902" errors="0">
  <testcase name="apiDemo" time="42.919" classname="com.Appium.test.ApiDemo"/>
  <testcase name="apiDemo" time="76.983" classname="com.Appium.test.ApiDemo"/>
</testsuite> <!-- com.Appium.test.ApiDemo -->
