<?xml version="1.0" encoding="UTF-8"?>
<!-- Generated by org.testng.reporters.JUnitReportReporter -->
<testsuite skipped="0" hostname="DESKTOP-AIBD1RS" name="com.Appim.test.EcommerceApp" tests="1" failures="0" timestamp="2020-08-15T11:06:21 IST" time="61.976" errors="0">
  <testcase name="ecommerce" time="61.976" classname="com.Appim.test.EcommerceApp"/>
</testsuite> <!-- com.Appim.test.EcommerceApp -->
