<?xml version="1.0" encoding="UTF-8"?>
<!-- Generated by org.testng.reporters.JUnitReportReporter -->
<testsuite skipped="0" hostname="DESKTOP-AIBD1RS" name="com.Appim.test.ecommerc_TC1" tests="1" failures="0" timestamp="08 Aug 2020 15:39:56 GMT" time="42.964" errors="0">
  <testcase name="ecommerce" time="42.964" classname="com.Appim.test.ecommerc_TC1"/>
</testsuite> <!-- com.Appim.test.ecommerc_TC1 -->
