<?xml version="1.0" encoding="UTF-8"?>
<!-- Generated by org.testng.reporters.JUnitReportReporter -->
<testsuite skipped="0" hostname="DESKTOP-AIBD1RS" name="com.Appium.test.ApiDemo" tests="3" failures="0" timestamp="2020-08-16T15:00:24 IST" time="139.617" errors="0">
  <testcase name="apiDemo" time="38.875" classname="com.Appium.test.ApiDemo"/>
  <testcase name="apiDemo" time="62.154" classname="com.Appium.test.ApiDemo"/>
  <testcase name="apiDemo" time="38.588" classname="com.Appium.test.ApiDemo"/>
</testsuite> <!-- com.Appium.test.ApiDemo -->
