<?xml version="1.0" encoding="UTF-8"?>
<!-- Generated by org.testng.reporters.JUnitReportReporter -->
<testsuite skipped="0" hostname="DESKTOP-AIBD1RS" name="com.Appim.test.ApiDemo" tests="1" failures="0" timestamp="2020-08-15T11:06:21 IST" time="71.823" errors="0">
  <testcase name="apiDemo" time="71.823" classname="com.Appim.test.ApiDemo"/>
</testsuite> <!-- com.Appim.test.ApiDemo -->
