<?xml version="1.0" encoding="UTF-8"?>
<!-- Generated by org.testng.reporters.JUnitReportReporter -->
<testsuite skipped="0" hostname="DESKTOP-AIBD1RS" name="com.Appium.test.EcommerceApp" tests="1" failures="0" timestamp="2020-08-16T14:05:22 IST" time="43.499" errors="0">
  <testcase name="ecommerce" time="43.499" classname="com.Appium.test.EcommerceApp"/>
</testsuite> <!-- com.Appium.test.EcommerceApp -->
