<?xml version="1.0" encoding="UTF-8"?>
<!-- Generated by org.testng.reporters.JUnitReportReporter -->
<testsuite skipped="0" hostname="DESKTOP-AIBD1RS" name="com.Appium.test.EcommerceApp" tests="3" failures="0" timestamp="2020-08-16T15:00:24 IST" time="130.639" errors="0">
  <testcase name="ecommerce" time="43.318" classname="com.Appium.test.EcommerceApp"/>
  <testcase name="ecommerce" time="44.410" classname="com.Appium.test.EcommerceApp"/>
  <testcase name="ecommerce" time="42.911" classname="com.Appium.test.EcommerceApp"/>
</testsuite> <!-- com.Appium.test.EcommerceApp -->
