<?xml version="1.0" encoding="UTF-8"?>
<!-- Generated by org.testng.reporters.JUnitReportReporter -->
<testsuite skipped="0" hostname="DESKTOP-AIBD1RS" name="com.Appium.test.EcommerceApp" tests="2" failures="0" timestamp="2020-08-18T14:57:54 IST" time="87.091" errors="0">
  <testcase name="ecommerce" time="41.870" classname="com.Appium.test.EcommerceApp"/>
  <testcase name="ecommerce" time="45.221" classname="com.Appium.test.EcommerceApp"/>
</testsuite> <!-- com.Appium.test.EcommerceApp -->
